{"numFailedTestSuites":0,"numFailedTests":0,"numPassedTestSuites":1,"numPassedTests":15,"numPendingTestSuites":0,"numPendingTests":0,"numRuntimeErrorTestSuites":0,"numTodoTests":0,"numTotalTestSuites":1,"numTotalTests":15,"openHandles":[],"snapshot":{"added":0,"didUpdate":false,"failure":false,"filesAdded":0,"filesRemoved":0,"filesRemovedList":[],"filesUnmatched":0,"filesUpdated":0,"matched":0,"total":0,"unchecked":0,"uncheckedKeysByFile":[],"unmatched":0,"updated":0},"startTime":1788883681835,"success":true,"testResults":[{"assertionResults":[{"ancestorTitles":["strict atomic pre-aggregation business integration"],"duration":14,"failureDetails":[],"failureMessages":[],"fullName":"strict atomic pre-aggregation business integration rejects a shape-valid authority response with a mismatched key","invocations":1,"location":null,"numPassingAsserts":3,"retryReasons":[],"status":"passed","title":"rejects a shape-valid authority response with a mismatched key"},{"ancestorTitles":["strict atomic pre-aggregation business integration"],"duration":3,"failureDetails":[],"failureMessages":[],"fullName":"strict atomic pre-aggregation business integration rejects a shape-valid authority response with a mismatched generation","invocations":1,"location":null,"numPassingAsserts":3,"retryReasons":[],"status":"passed","title":"rejects a shape-valid authority response with a mismatched generation"},{"ancestorTitles":["strict atomic pre-aggregation business integration"],"duration":3,"failureDetails":[],"failureMessages":[],"fullName":"strict atomic pre-aggregation business integration selects through the ledger and never overwrites a pending target or uses CACHE NX","invocations":1,"location":null,"numPassingAsserts":6,"retryReasons":[],"status":"passed","title":"selects through the ledger and never overwrites a pending target or uses CACHE NX"},{"ancestorTitles":["strict atomic pre-aggregation business integration"],"duration":8,"failureDetails":[],"failureMessages":[],"fullName":"strict atomic pre-aggregation business integration performs typed create/bind then publish before physical ready observation","invocations":1,"location":null,"numPassingAsserts":5,"retryReasons":[],"status":"passed","title":"performs typed create/bind then publish before physical ready observation"},{"ancestorTitles":["strict atomic pre-aggregation business integration"],"duration":4,"failureDetails":[],"failureMessages":[],"fullName":"strict atomic pre-aggregation business integration keeps the same publish request id across UNKNOWN and a resumed build","invocations":1,"location":null,"numPassingAsserts":6,"retryReasons":[],"status":"passed","title":"keeps the same publish request id across UNKNOWN and a resumed build"},{"ancestorTitles":["strict atomic pre-aggregation business integration"],"duration":3,"failureDetails":[],"failureMessages":[],"fullName":"strict atomic pre-aggregation business integration advances publish request ids only after explicit durable NOT_READY rejection","invocations":1,"location":null,"numPassingAsserts":3,"retryReasons":[],"status":"passed","title":"advances publish request ids only after explicit durable NOT_READY rejection"},{"ancestorTitles":["strict atomic pre-aggregation business integration"],"duration":1,"failureDetails":[],"failureMessages":[],"fullName":"strict atomic pre-aggregation business integration does not regenerate source intent when its authority survives cache loss","invocations":1,"location":null,"numPassingAsserts":4,"retryReasons":[],"status":"passed","title":"does not regenerate source intent when its authority survives cache loss"},{"ancestorTitles":["strict atomic pre-aggregation business integration"],"duration":1,"failureDetails":[],"failureMessages":[],"fullName":"strict atomic pre-aggregation business integration does not rebuild a published target when physical observation says absent","invocations":1,"location":null,"numPassingAsserts":2,"retryReasons":[],"status":"passed","title":"does not rebuild a published target when physical observation says absent"},{"ancestorTitles":["strict atomic pre-aggregation business integration"],"duration":4,"failureDetails":[],"failureMessages":[],"fullName":"strict atomic pre-aggregation business integration retains referenced tables and retries retirement after a definite rejection","invocations":1,"location":null,"numPassingAsserts":5,"retryReasons":[],"status":"passed","title":"retains referenced tables and retries retirement after a definite rejection"},{"ancestorTitles":["strict atomic pre-aggregation business integration"],"duration":2,"failureDetails":[],"failureMessages":[],"fullName":"strict atomic pre-aggregation business integration never retires a bound but unpublished build","invocations":1,"location":null,"numPassingAsserts":4,"retryReasons":[],"status":"passed","title":"never retires a bound but unpublished build"},{"ancestorTitles":["strict driver capability and authentication boundaries"],"duration":47,"failureDetails":[],"failureMessages":[],"fullName":"strict driver capability and authentication boundaries rejects malformed strict configuration instead of treating it as false","invocations":1,"location":null,"numPassingAsserts":1,"retryReasons":[],"status":"passed","title":"rejects malformed strict configuration instead of treating it as false"},{"ancestorTitles":["strict driver capability and authentication boundaries"],"duration":3,"failureDetails":[],"failureMessages":[],"fullName":"strict driver capability and authentication boundaries rejects non-true queryReferences (undefined) without ledger POST or cache fallback","invocations":1,"location":null,"numPassingAsserts":3,"retryReasons":[],"status":"passed","title":"rejects non-true queryReferences (undefined) without ledger POST or cache fallback"},{"ancestorTitles":["strict driver capability and authentication boundaries"],"duration":1,"failureDetails":[],"failureMessages":[],"fullName":"strict driver capability and authentication boundaries rejects non-true queryReferences (false) without ledger POST or cache fallback","invocations":1,"location":null,"numPassingAsserts":3,"retryReasons":[],"status":"passed","title":"rejects non-true queryReferences (false) without ledger POST or cache fallback"},{"ancestorTitles":["strict driver capability and authentication boundaries"],"duration":1,"failureDetails":[],"failureMessages":[],"fullName":"strict driver capability and authentication boundaries rejects non-true queryReferences (true) without ledger POST or cache fallback","invocations":1,"location":null,"numPassingAsserts":3,"retryReasons":[],"status":"passed","title":"rejects non-true queryReferences (true) without ledger POST or cache fallback"},{"ancestorTitles":["strict driver capability and authentication boundaries"],"duration":1,"failureDetails":[],"failureMessages":[],"fullName":"strict driver capability and authentication boundaries passes configured Basic auth to WebSocket connections without opening a connection","invocations":1,"location":null,"numPassingAsserts":1,"retryReasons":[],"status":"passed","title":"passes configured Basic auth to WebSocket connections without opening a connection"}],"endTime":1788883692011,"message":"","name":"/Users/xujiawei/magic/workbench/cube/packages/cubejs-cubestore-driver/test/AtomicPreAggregationBuilds.test.ts","startTime":1788883682114,"status":"passed","summary":""}],"wasInterrupted":false}
